Jun 12 09:32:35 executeDetectar [debug] Cookie : 
Jun 12 09:32:35 funciones-detectLang [debug] inicio detect
Jun 12 09:32:35 funciones-detectIp [debug] IP Encontrada | ip=127.0.0.1
Jun 12 09:32:35 funciones-ip_info [debug] datos de entrada | ip=127.0.0.1
Jun 12 09:32:35 funciones-ip_info [debug] Call api | url=http://www.geoplugin.net/json.gp?ip=127.0.0.1
Jun 12 09:32:37 funciones-ip_info [debug] Call api RESPONSE | data={
  "geoplugin_request":"127.0.0.1",
  "geoplugin_status":404,
  "geoplugin_credit":"Some of the returned data includes GeoLite data created by MaxMind, available from <a href=\\'http:\/\/www.maxmind.com\\'>http:\/\/www.maxmind.com<\/a>.",
  "geoplugin_city":"",
  "geoplugin_region":"",
  "geoplugin_areaCode":"",
  "geoplugin_dmaCode":"",
  "geoplugin_countryCode":"",
  "geoplugin_countryName":"",
  "geoplugin_continentCode":"",
  "geoplugin_latitude":"0",
  "geoplugin_longitude":"0",
  "geoplugin_regionCode":"",
  "geoplugin_regionName":null,
  "geoplugin_currencyCode":null,
  "geoplugin_currencySymbol":null,
  "geoplugin_currencySymbol_UTF8":"",
  "geoplugin_currencyConverter":0
}
Jun 12 09:32:37 funciones-detectIp [err] LOCATION NO RESUELTO POR INFO
Jun 12 09:32:43 executeDetectar [debug] Cookie : 
Jun 12 09:32:43 funciones-detectLang [debug] inicio detect
Jun 12 09:32:43 funciones-detectIp [debug] IP Encontrada | ip=127.0.0.1
Jun 12 09:32:43 funciones-ip_info [debug] datos de entrada | ip=127.0.0.1
Jun 12 09:32:43 funciones-ip_info [debug] Call api | url=http://www.geoplugin.net/json.gp?ip=127.0.0.1
Jun 12 09:32:44 funciones-ip_info [debug] Call api RESPONSE | data={
  "geoplugin_request":"127.0.0.1",
  "geoplugin_status":404,
  "geoplugin_credit":"Some of the returned data includes GeoLite data created by MaxMind, available from <a href=\\'http:\/\/www.maxmind.com\\'>http:\/\/www.maxmind.com<\/a>.",
  "geoplugin_city":"",
  "geoplugin_region":"",
  "geoplugin_areaCode":"",
  "geoplugin_dmaCode":"",
  "geoplugin_countryCode":"",
  "geoplugin_countryName":"",
  "geoplugin_continentCode":"",
  "geoplugin_latitude":"0",
  "geoplugin_longitude":"0",
  "geoplugin_regionCode":"",
  "geoplugin_regionName":null,
  "geoplugin_currencyCode":null,
  "geoplugin_currencySymbol":null,
  "geoplugin_currencySymbol_UTF8":"",
  "geoplugin_currencyConverter":0
}
Jun 12 09:32:44 funciones-detectIp [err] LOCATION NO RESUELTO POR INFO
Jun 12 09:32:53 executeDetectar [debug] Cookie : 
Jun 12 09:32:53 funciones-detectLang [debug] inicio detect
Jun 12 09:32:53 funciones-detectIp [debug] IP Encontrada | ip=127.0.0.1
Jun 12 09:32:53 funciones-ip_info [debug] datos de entrada | ip=127.0.0.1
Jun 12 09:32:53 funciones-ip_info [debug] Call api | url=http://www.geoplugin.net/json.gp?ip=127.0.0.1
Jun 12 09:32:53 funciones-ip_info [debug] Call api RESPONSE | data={
  "geoplugin_request":"127.0.0.1",
  "geoplugin_status":404,
  "geoplugin_credit":"Some of the returned data includes GeoLite data created by MaxMind, available from <a href=\\'http:\/\/www.maxmind.com\\'>http:\/\/www.maxmind.com<\/a>.",
  "geoplugin_city":"",
  "geoplugin_region":"",
  "geoplugin_areaCode":"",
  "geoplugin_dmaCode":"",
  "geoplugin_countryCode":"",
  "geoplugin_countryName":"",
  "geoplugin_continentCode":"",
  "geoplugin_latitude":"0",
  "geoplugin_longitude":"0",
  "geoplugin_regionCode":"",
  "geoplugin_regionName":null,
  "geoplugin_currencyCode":null,
  "geoplugin_currencySymbol":null,
  "geoplugin_currencySymbol_UTF8":"",
  "geoplugin_currencyConverter":0
}
Jun 12 09:32:53 funciones-detectIp [err] LOCATION NO RESUELTO POR INFO
Jun 12 09:33:33 executeDetectar [debug] Cookie : 
Jun 12 09:33:33 funciones-detectLang [debug] inicio detect
Jun 12 09:33:33 funciones-detectIp [debug] IP Encontrada | ip=127.0.0.1
Jun 12 09:33:33 funciones-ip_info [debug] datos de entrada | ip=127.0.0.1
Jun 12 09:33:33 funciones-ip_info [debug] Call api | url=http://www.geoplugin.net/json.gp?ip=127.0.0.1
Jun 12 09:33:34 funciones-ip_info [debug] Call api RESPONSE | data={
  "geoplugin_request":"127.0.0.1",
  "geoplugin_status":404,
  "geoplugin_credit":"Some of the returned data includes GeoLite data created by MaxMind, available from <a href=\\'http:\/\/www.maxmind.com\\'>http:\/\/www.maxmind.com<\/a>.",
  "geoplugin_city":"",
  "geoplugin_region":"",
  "geoplugin_areaCode":"",
  "geoplugin_dmaCode":"",
  "geoplugin_countryCode":"",
  "geoplugin_countryName":"",
  "geoplugin_continentCode":"",
  "geoplugin_latitude":"0",
  "geoplugin_longitude":"0",
  "geoplugin_regionCode":"",
  "geoplugin_regionName":null,
  "geoplugin_currencyCode":null,
  "geoplugin_currencySymbol":null,
  "geoplugin_currencySymbol_UTF8":"",
  "geoplugin_currencyConverter":0
}
Jun 12 09:33:34 funciones-detectIp [err] LOCATION NO RESUELTO POR INFO
Jun 12 09:33:44 executeDetectar [debug] Cookie : 
Jun 12 09:33:44 funciones-detectLang [debug] inicio detect
Jun 12 09:33:44 funciones-detectIp [debug] IP Encontrada | ip=127.0.0.1
Jun 12 09:33:44 funciones-ip_info [debug] datos de entrada | ip=127.0.0.1
Jun 12 09:33:44 funciones-ip_info [debug] Call api | url=http://www.geoplugin.net/json.gp?ip=127.0.0.1
Jun 12 09:33:45 funciones-ip_info [debug] Call api RESPONSE | data={
  "geoplugin_request":"127.0.0.1",
  "geoplugin_status":404,
  "geoplugin_credit":"Some of the returned data includes GeoLite data created by MaxMind, available from <a href=\\'http:\/\/www.maxmind.com\\'>http:\/\/www.maxmind.com<\/a>.",
  "geoplugin_city":"",
  "geoplugin_region":"",
  "geoplugin_areaCode":"",
  "geoplugin_dmaCode":"",
  "geoplugin_countryCode":"",
  "geoplugin_countryName":"",
  "geoplugin_continentCode":"",
  "geoplugin_latitude":"0",
  "geoplugin_longitude":"0",
  "geoplugin_regionCode":"",
  "geoplugin_regionName":null,
  "geoplugin_currencyCode":null,
  "geoplugin_currencySymbol":null,
  "geoplugin_currencySymbol_UTF8":"",
  "geoplugin_currencyConverter":0
}
Jun 12 09:33:45 funciones-detectIp [err] LOCATION NO RESUELTO POR INFO
Jun 12 09:35:18 executeDetectar [debug] Cookie : 
Jun 12 09:35:18 funciones-detectLang [debug] inicio detect
Jun 12 09:35:18 funciones-detectIp [debug] IP Encontrada | ip=127.0.0.1
Jun 12 09:35:18 funciones-ip_info [debug] datos de entrada | ip=127.0.0.1
Jun 12 09:35:18 funciones-ip_info [debug] Call api | url=http://www.geoplugin.net/json.gp?ip=127.0.0.1
Jun 12 09:35:19 funciones-ip_info [debug] Call api RESPONSE | data={
  "geoplugin_request":"127.0.0.1",
  "geoplugin_status":404,
  "geoplugin_credit":"Some of the returned data includes GeoLite data created by MaxMind, available from <a href=\\'http:\/\/www.maxmind.com\\'>http:\/\/www.maxmind.com<\/a>.",
  "geoplugin_city":"",
  "geoplugin_region":"",
  "geoplugin_areaCode":"",
  "geoplugin_dmaCode":"",
  "geoplugin_countryCode":"",
  "geoplugin_countryName":"",
  "geoplugin_continentCode":"",
  "geoplugin_latitude":"0",
  "geoplugin_longitude":"0",
  "geoplugin_regionCode":"",
  "geoplugin_regionName":null,
  "geoplugin_currencyCode":null,
  "geoplugin_currencySymbol":null,
  "geoplugin_currencySymbol_UTF8":"",
  "geoplugin_currencyConverter":0
}
Jun 12 09:35:19 funciones-detectIp [err] LOCATION NO RESUELTO POR INFO
Jun 12 09:35:46 executeDetectar [debug] Cookie : 
Jun 12 09:35:46 funciones-detectLang [debug] inicio detect
Jun 12 09:35:46 funciones-detectIp [debug] IP Encontrada | ip=127.0.0.1
Jun 12 09:35:46 funciones-ip_info [debug] datos de entrada | ip=127.0.0.1
Jun 12 09:35:46 funciones-ip_info [debug] Call api | url=http://www.geoplugin.net/json.gp?ip=127.0.0.1
Jun 12 09:35:46 funciones-ip_info [debug] Call api RESPONSE | data={
  "geoplugin_request":"127.0.0.1",
  "geoplugin_status":404,
  "geoplugin_credit":"Some of the returned data includes GeoLite data created by MaxMind, available from <a href=\\'http:\/\/www.maxmind.com\\'>http:\/\/www.maxmind.com<\/a>.",
  "geoplugin_city":"",
  "geoplugin_region":"",
  "geoplugin_areaCode":"",
  "geoplugin_dmaCode":"",
  "geoplugin_countryCode":"",
  "geoplugin_countryName":"",
  "geoplugin_continentCode":"",
  "geoplugin_latitude":"0",
  "geoplugin_longitude":"0",
  "geoplugin_regionCode":"",
  "geoplugin_regionName":null,
  "geoplugin_currencyCode":null,
  "geoplugin_currencySymbol":null,
  "geoplugin_currencySymbol_UTF8":"",
  "geoplugin_currencyConverter":0
}
Jun 12 09:35:46 funciones-detectIp [err] LOCATION NO RESUELTO POR INFO
Jun 12 09:38:10 executeDetectar [debug] Cookie : 
Jun 12 09:38:10 funciones-detectLang [debug] inicio detect
Jun 12 09:38:10 funciones-detectIp [debug] IP Encontrada | ip=127.0.0.1
Jun 12 09:38:10 funciones-ip_info [debug] datos de entrada | ip=127.0.0.1
Jun 12 09:38:10 funciones-ip_info [debug] Call api | url=http://www.geoplugin.net/json.gp?ip=127.0.0.1
Jun 12 09:38:10 funciones-ip_info [debug] Call api RESPONSE | data={
  "geoplugin_request":"127.0.0.1",
  "geoplugin_status":404,
  "geoplugin_credit":"Some of the returned data includes GeoLite data created by MaxMind, available from <a href=\\'http:\/\/www.maxmind.com\\'>http:\/\/www.maxmind.com<\/a>.",
  "geoplugin_city":"",
  "geoplugin_region":"",
  "geoplugin_areaCode":"",
  "geoplugin_dmaCode":"",
  "geoplugin_countryCode":"",
  "geoplugin_countryName":"",
  "geoplugin_continentCode":"",
  "geoplugin_latitude":"0",
  "geoplugin_longitude":"0",
  "geoplugin_regionCode":"",
  "geoplugin_regionName":null,
  "geoplugin_currencyCode":null,
  "geoplugin_currencySymbol":null,
  "geoplugin_currencySymbol_UTF8":"",
  "geoplugin_currencyConverter":0
}
Jun 12 09:38:10 funciones-detectIp [err] LOCATION NO RESUELTO POR INFO
Jun 12 09:57:59 executeDetectar [debug] Cookie : 
Jun 12 09:57:59 funciones-detectLang [debug] inicio detect
Jun 12 09:57:59 funciones-detectIp [debug] IP Encontrada | ip=127.0.0.1
Jun 12 09:57:59 funciones-ip_info [debug] datos de entrada | ip=127.0.0.1
Jun 12 09:57:59 funciones-ip_info [debug] Call api | url=http://www.geoplugin.net/json.gp?ip=127.0.0.1
Jun 12 09:58:00 funciones-ip_info [debug] Call api RESPONSE | data={
  "geoplugin_request":"127.0.0.1",
  "geoplugin_status":404,
  "geoplugin_credit":"Some of the returned data includes GeoLite data created by MaxMind, available from <a href=\\'http:\/\/www.maxmind.com\\'>http:\/\/www.maxmind.com<\/a>.",
  "geoplugin_city":"",
  "geoplugin_region":"",
  "geoplugin_areaCode":"",
  "geoplugin_dmaCode":"",
  "geoplugin_countryCode":"",
  "geoplugin_countryName":"",
  "geoplugin_continentCode":"",
  "geoplugin_latitude":"0",
  "geoplugin_longitude":"0",
  "geoplugin_regionCode":"",
  "geoplugin_regionName":null,
  "geoplugin_currencyCode":null,
  "geoplugin_currencySymbol":null,
  "geoplugin_currencySymbol_UTF8":"",
  "geoplugin_currencyConverter":0
}
Jun 12 09:58:00 funciones-detectIp [err] LOCATION NO RESUELTO POR INFO
Jun 12 09:58:03 executeDetectar [debug] Cookie : 
Jun 12 09:58:03 funciones-detectLang [debug] inicio detect
Jun 12 09:58:03 funciones-detectIp [debug] IP Encontrada | ip=127.0.0.1
Jun 12 09:58:03 funciones-ip_info [debug] datos de entrada | ip=127.0.0.1
Jun 12 09:58:03 funciones-ip_info [debug] Call api | url=http://www.geoplugin.net/json.gp?ip=127.0.0.1
Jun 12 09:58:03 funciones-ip_info [debug] Call api RESPONSE | data={
  "geoplugin_request":"127.0.0.1",
  "geoplugin_status":404,
  "geoplugin_credit":"Some of the returned data includes GeoLite data created by MaxMind, available from <a href=\\'http:\/\/www.maxmind.com\\'>http:\/\/www.maxmind.com<\/a>.",
  "geoplugin_city":"",
  "geoplugin_region":"",
  "geoplugin_areaCode":"",
  "geoplugin_dmaCode":"",
  "geoplugin_countryCode":"",
  "geoplugin_countryName":"",
  "geoplugin_continentCode":"",
  "geoplugin_latitude":"0",
  "geoplugin_longitude":"0",
  "geoplugin_regionCode":"",
  "geoplugin_regionName":null,
  "geoplugin_currencyCode":null,
  "geoplugin_currencySymbol":null,
  "geoplugin_currencySymbol_UTF8":"",
  "geoplugin_currencyConverter":0
}
Jun 12 09:58:03 funciones-detectIp [err] LOCATION NO RESUELTO POR INFO
Jun 12 10:01:15 executeDetectar [debug] Cookie : 
Jun 12 10:01:15 funciones-detectLang [debug] inicio detect
Jun 12 10:01:15 funciones-detectIp [debug] IP Encontrada | ip=127.0.0.1
Jun 12 10:01:15 funciones-ip_info [debug] datos de entrada | ip=127.0.0.1
Jun 12 10:01:15 funciones-ip_info [debug] Call api | url=http://www.geoplugin.net/json.gp?ip=127.0.0.1
Jun 12 10:01:15 funciones-ip_info [debug] Call api RESPONSE | data={
  "geoplugin_request":"127.0.0.1",
  "geoplugin_status":404,
  "geoplugin_credit":"Some of the returned data includes GeoLite data created by MaxMind, available from <a href=\\'http:\/\/www.maxmind.com\\'>http:\/\/www.maxmind.com<\/a>.",
  "geoplugin_city":"",
  "geoplugin_region":"",
  "geoplugin_areaCode":"",
  "geoplugin_dmaCode":"",
  "geoplugin_countryCode":"",
  "geoplugin_countryName":"",
  "geoplugin_continentCode":"",
  "geoplugin_latitude":"0",
  "geoplugin_longitude":"0",
  "geoplugin_regionCode":"",
  "geoplugin_regionName":null,
  "geoplugin_currencyCode":null,
  "geoplugin_currencySymbol":null,
  "geoplugin_currencySymbol_UTF8":"",
  "geoplugin_currencyConverter":0
}
Jun 12 10:01:15 funciones-detectIp [err] LOCATION NO RESUELTO POR INFO
Jun 12 20:47:51 executeDetectar [debug] Cookie : 
Jun 12 20:47:51 funciones-detectLang [debug] inicio detect
Jun 12 20:47:51 funciones-detectIp [debug] IP Encontrada | ip=127.0.0.1
Jun 12 20:47:51 funciones-ip_info [debug] datos de entrada | ip=127.0.0.1
Jun 12 20:47:51 funciones-ip_info [debug] Call api | url=http://www.geoplugin.net/json.gp?ip=127.0.0.1
Jun 12 20:47:52 funciones-ip_info [debug] Call api RESPONSE | data={
  "geoplugin_request":"127.0.0.1",
  "geoplugin_status":404,
  "geoplugin_credit":"Some of the returned data includes GeoLite data created by MaxMind, available from <a href=\\'http:\/\/www.maxmind.com\\'>http:\/\/www.maxmind.com<\/a>.",
  "geoplugin_city":"",
  "geoplugin_region":"",
  "geoplugin_areaCode":"",
  "geoplugin_dmaCode":"",
  "geoplugin_countryCode":"",
  "geoplugin_countryName":"",
  "geoplugin_continentCode":"",
  "geoplugin_latitude":"0",
  "geoplugin_longitude":"0",
  "geoplugin_regionCode":"",
  "geoplugin_regionName":null,
  "geoplugin_currencyCode":null,
  "geoplugin_currencySymbol":null,
  "geoplugin_currencySymbol_UTF8":"",
  "geoplugin_currencyConverter":0
}
Jun 12 20:47:52 funciones-detectIp [err] LOCATION NO RESUELTO POR INFO
Jun 12 20:47:54 executeDetectar [debug] Cookie : 
Jun 12 20:47:54 funciones-detectLang [debug] inicio detect
Jun 12 20:47:54 funciones-detectIp [debug] IP Encontrada | ip=127.0.0.1
Jun 12 20:47:54 funciones-ip_info [debug] datos de entrada | ip=127.0.0.1
Jun 12 20:47:54 funciones-ip_info [debug] Call api | url=http://www.geoplugin.net/json.gp?ip=127.0.0.1
Jun 12 20:47:55 funciones-ip_info [debug] Call api RESPONSE | data={
  "geoplugin_request":"127.0.0.1",
  "geoplugin_status":404,
  "geoplugin_credit":"Some of the returned data includes GeoLite data created by MaxMind, available from <a href=\\'http:\/\/www.maxmind.com\\'>http:\/\/www.maxmind.com<\/a>.",
  "geoplugin_city":"",
  "geoplugin_region":"",
  "geoplugin_areaCode":"",
  "geoplugin_dmaCode":"",
  "geoplugin_countryCode":"",
  "geoplugin_countryName":"",
  "geoplugin_continentCode":"",
  "geoplugin_latitude":"0",
  "geoplugin_longitude":"0",
  "geoplugin_regionCode":"",
  "geoplugin_regionName":null,
  "geoplugin_currencyCode":null,
  "geoplugin_currencySymbol":null,
  "geoplugin_currencySymbol_UTF8":"",
  "geoplugin_currencyConverter":0
}
Jun 12 20:47:55 funciones-detectIp [err] LOCATION NO RESUELTO POR INFO
Jun 12 20:48:12 executeDetectar [debug] Cookie : 
Jun 12 20:48:12 funciones-detectLang [debug] inicio detect
Jun 12 20:48:12 funciones-detectIp [debug] IP Encontrada | ip=127.0.0.1
Jun 12 20:48:12 funciones-ip_info [debug] datos de entrada | ip=127.0.0.1
Jun 12 20:48:12 funciones-ip_info [debug] Call api | url=http://www.geoplugin.net/json.gp?ip=127.0.0.1
Jun 12 20:48:13 funciones-ip_info [debug] Call api RESPONSE | data={
  "geoplugin_request":"127.0.0.1",
  "geoplugin_status":404,
  "geoplugin_credit":"Some of the returned data includes GeoLite data created by MaxMind, available from <a href=\\'http:\/\/www.maxmind.com\\'>http:\/\/www.maxmind.com<\/a>.",
  "geoplugin_city":"",
  "geoplugin_region":"",
  "geoplugin_areaCode":"",
  "geoplugin_dmaCode":"",
  "geoplugin_countryCode":"",
  "geoplugin_countryName":"",
  "geoplugin_continentCode":"",
  "geoplugin_latitude":"0",
  "geoplugin_longitude":"0",
  "geoplugin_regionCode":"",
  "geoplugin_regionName":null,
  "geoplugin_currencyCode":null,
  "geoplugin_currencySymbol":null,
  "geoplugin_currencySymbol_UTF8":"",
  "geoplugin_currencyConverter":0
}
Jun 12 20:48:13 funciones-detectIp [err] LOCATION NO RESUELTO POR INFO
Jun 12 20:49:00 executeDetectar [debug] Cookie : 
Jun 12 20:49:00 funciones-detectLang [debug] inicio detect
Jun 12 20:49:00 funciones-detectIp [debug] IP Encontrada | ip=127.0.0.1
Jun 12 20:49:00 funciones-ip_info [debug] datos de entrada | ip=127.0.0.1
Jun 12 20:49:00 funciones-ip_info [debug] Call api | url=http://www.geoplugin.net/json.gp?ip=127.0.0.1
Jun 12 20:49:01 funciones-ip_info [debug] Call api RESPONSE | data={
  "geoplugin_request":"127.0.0.1",
  "geoplugin_status":404,
  "geoplugin_credit":"Some of the returned data includes GeoLite data created by MaxMind, available from <a href=\\'http:\/\/www.maxmind.com\\'>http:\/\/www.maxmind.com<\/a>.",
  "geoplugin_city":"",
  "geoplugin_region":"",
  "geoplugin_areaCode":"",
  "geoplugin_dmaCode":"",
  "geoplugin_countryCode":"",
  "geoplugin_countryName":"",
  "geoplugin_continentCode":"",
  "geoplugin_latitude":"0",
  "geoplugin_longitude":"0",
  "geoplugin_regionCode":"",
  "geoplugin_regionName":null,
  "geoplugin_currencyCode":null,
  "geoplugin_currencySymbol":null,
  "geoplugin_currencySymbol_UTF8":"",
  "geoplugin_currencyConverter":0
}
Jun 12 20:49:01 funciones-detectIp [err] LOCATION NO RESUELTO POR INFO
Jun 12 20:50:00 executeDetectar [debug] Cookie : 
Jun 12 20:50:00 funciones-detectLang [debug] inicio detect
Jun 12 20:50:00 funciones-detectIp [debug] IP Encontrada | ip=127.0.0.1
Jun 12 20:50:00 funciones-ip_info [debug] datos de entrada | ip=127.0.0.1
Jun 12 20:50:00 funciones-ip_info [debug] Call api | url=http://www.geoplugin.net/json.gp?ip=127.0.0.1
Jun 12 20:50:00 funciones-ip_info [debug] Call api RESPONSE | data={
  "geoplugin_request":"127.0.0.1",
  "geoplugin_status":404,
  "geoplugin_credit":"Some of the returned data includes GeoLite data created by MaxMind, available from <a href=\\'http:\/\/www.maxmind.com\\'>http:\/\/www.maxmind.com<\/a>.",
  "geoplugin_city":"",
  "geoplugin_region":"",
  "geoplugin_areaCode":"",
  "geoplugin_dmaCode":"",
  "geoplugin_countryCode":"",
  "geoplugin_countryName":"",
  "geoplugin_continentCode":"",
  "geoplugin_latitude":"0",
  "geoplugin_longitude":"0",
  "geoplugin_regionCode":"",
  "geoplugin_regionName":null,
  "geoplugin_currencyCode":null,
  "geoplugin_currencySymbol":null,
  "geoplugin_currencySymbol_UTF8":"",
  "geoplugin_currencyConverter":0
}
Jun 12 20:50:00 funciones-detectIp [err] LOCATION NO RESUELTO POR INFO
Jun 12 20:54:09 executeDetectar [debug] Cookie : 
Jun 12 20:54:09 funciones-detectLang [debug] inicio detect
Jun 12 20:54:09 funciones-detectIp [debug] IP Encontrada | ip=127.0.0.1
Jun 12 20:54:09 funciones-ip_info [debug] datos de entrada | ip=127.0.0.1
Jun 12 20:54:09 funciones-ip_info [debug] Call api | url=http://www.geoplugin.net/json.gp?ip=127.0.0.1
Jun 12 20:54:09 funciones-ip_info [debug] Call api RESPONSE | data={
  "geoplugin_request":"127.0.0.1",
  "geoplugin_status":404,
  "geoplugin_credit":"Some of the returned data includes GeoLite data created by MaxMind, available from <a href=\\'http:\/\/www.maxmind.com\\'>http:\/\/www.maxmind.com<\/a>.",
  "geoplugin_city":"",
  "geoplugin_region":"",
  "geoplugin_areaCode":"",
  "geoplugin_dmaCode":"",
  "geoplugin_countryCode":"",
  "geoplugin_countryName":"",
  "geoplugin_continentCode":"",
  "geoplugin_latitude":"0",
  "geoplugin_longitude":"0",
  "geoplugin_regionCode":"",
  "geoplugin_regionName":null,
  "geoplugin_currencyCode":null,
  "geoplugin_currencySymbol":null,
  "geoplugin_currencySymbol_UTF8":"",
  "geoplugin_currencyConverter":0
}
Jun 12 20:54:09 funciones-detectIp [err] LOCATION NO RESUELTO POR INFO
Jun 12 20:55:37 executeDetectar [debug] Cookie : 
Jun 12 20:55:37 funciones-detectLang [debug] inicio detect
Jun 12 20:55:37 funciones-detectIp [debug] IP Encontrada | ip=127.0.0.1
Jun 12 20:55:37 funciones-ip_info [debug] datos de entrada | ip=127.0.0.1
Jun 12 20:55:37 funciones-ip_info [debug] Call api | url=http://www.geoplugin.net/json.gp?ip=127.0.0.1
Jun 12 20:55:37 funciones-ip_info [debug] Call api RESPONSE | data={
  "geoplugin_request":"127.0.0.1",
  "geoplugin_status":404,
  "geoplugin_credit":"Some of the returned data includes GeoLite data created by MaxMind, available from <a href=\\'http:\/\/www.maxmind.com\\'>http:\/\/www.maxmind.com<\/a>.",
  "geoplugin_city":"",
  "geoplugin_region":"",
  "geoplugin_areaCode":"",
  "geoplugin_dmaCode":"",
  "geoplugin_countryCode":"",
  "geoplugin_countryName":"",
  "geoplugin_continentCode":"",
  "geoplugin_latitude":"0",
  "geoplugin_longitude":"0",
  "geoplugin_regionCode":"",
  "geoplugin_regionName":null,
  "geoplugin_currencyCode":null,
  "geoplugin_currencySymbol":null,
  "geoplugin_currencySymbol_UTF8":"",
  "geoplugin_currencyConverter":0
}
Jun 12 20:55:37 funciones-detectIp [err] LOCATION NO RESUELTO POR INFO
Jun 12 20:58:11 executeGuardar [debug] Array
(
    [nombre_receta] => asd
    [ingredientes] => asd
    [intrucciones] => asdsddd
    [vino_usado] => dwwdwdwdwd
    [foto] => 
    [nombre] => adasdasd
    [link_blog] => asdasdas
    [email] => dddd@aaa.cl
    [acepta_pais] => on
    [acepta_tos] => on
)

Jun 12 20:58:11 executeGuardar [debug] Array
(
)

Jun 12 20:58:11 executeGuardar [debug] Array
(
    [nombre_receta] => asd
    [ingredientes] => asd
    [intrucciones] => asdsddd
    [vino_usado] => dwwdwdwdwd
    [foto] => 
    [nombre] => adasdasd
    [link_blog] => asdasdas
    [email] => dddd@aaa.cl
    [acepta_pais] => on
    [acepta_tos] => on
)

Jun 12 20:58:11 executeGuardar [debug] Array
(
)

Jun 12 20:58:57 executeDetectar [debug] Cookie : 
Jun 12 20:58:57 funciones-detectLang [debug] inicio detect
Jun 12 20:58:57 funciones-detectIp [debug] IP Encontrada | ip=127.0.0.1
Jun 12 20:58:57 funciones-ip_info [debug] datos de entrada | ip=127.0.0.1
Jun 12 20:58:57 funciones-ip_info [debug] Call api | url=http://www.geoplugin.net/json.gp?ip=127.0.0.1
Jun 12 20:58:58 funciones-ip_info [debug] Call api RESPONSE | data={
  "geoplugin_request":"127.0.0.1",
  "geoplugin_status":404,
  "geoplugin_credit":"Some of the returned data includes GeoLite data created by MaxMind, available from <a href=\\'http:\/\/www.maxmind.com\\'>http:\/\/www.maxmind.com<\/a>.",
  "geoplugin_city":"",
  "geoplugin_region":"",
  "geoplugin_areaCode":"",
  "geoplugin_dmaCode":"",
  "geoplugin_countryCode":"",
  "geoplugin_countryName":"",
  "geoplugin_continentCode":"",
  "geoplugin_latitude":"0",
  "geoplugin_longitude":"0",
  "geoplugin_regionCode":"",
  "geoplugin_regionName":null,
  "geoplugin_currencyCode":null,
  "geoplugin_currencySymbol":null,
  "geoplugin_currencySymbol_UTF8":"",
  "geoplugin_currencyConverter":0
}
Jun 12 20:58:58 funciones-detectIp [err] LOCATION NO RESUELTO POR INFO
Jun 12 20:59:33 executeGuardar [debug] Array
(
    [nombre_receta] => asd
    [ingredientes] => asd
    [intrucciones] => e3e3e
    [vino_usado] => dwwdwdwdwd
    [nombre] => 3e3e3e3
    [link_blog] => eeee
    [email] => eeeeeeeeee@sss.dd
    [acepta_pais] => on
    [acepta_tos] => on
)

Jun 12 20:59:33 executeGuardar [debug] Array
(
    [foto] => Array
        (
            [name] => screenshot_00001.png
            [type] => image/png
            [tmp_name] => C:\Windows\Temp\phpF83F.tmp
            [error] => 0
            [size] => 324372
        )

)

Jun 12 21:34:38 executeDetectar [debug] Cookie : 
Jun 12 21:34:38 funciones-detectLang [debug] inicio detect
Jun 12 21:34:38 funciones-detectIp [debug] IP Encontrada | ip=127.0.0.1
Jun 12 21:34:38 funciones-ip_info [debug] datos de entrada | ip=127.0.0.1
Jun 12 21:34:38 funciones-ip_info [debug] Call api | url=http://www.geoplugin.net/json.gp?ip=127.0.0.1
Jun 12 21:34:39 funciones-ip_info [debug] Call api RESPONSE | data={
  "geoplugin_request":"127.0.0.1",
  "geoplugin_status":404,
  "geoplugin_credit":"Some of the returned data includes GeoLite data created by MaxMind, available from <a href=\\'http:\/\/www.maxmind.com\\'>http:\/\/www.maxmind.com<\/a>.",
  "geoplugin_city":"",
  "geoplugin_region":"",
  "geoplugin_areaCode":"",
  "geoplugin_dmaCode":"",
  "geoplugin_countryCode":"",
  "geoplugin_countryName":"",
  "geoplugin_continentCode":"",
  "geoplugin_latitude":"0",
  "geoplugin_longitude":"0",
  "geoplugin_regionCode":"",
  "geoplugin_regionName":null,
  "geoplugin_currencyCode":null,
  "geoplugin_currencySymbol":null,
  "geoplugin_currencySymbol_UTF8":"",
  "geoplugin_currencyConverter":0
}
Jun 12 21:34:39 funciones-detectIp [err] LOCATION NO RESUELTO POR INFO
Jun 12 21:34:58 executeDetectar [debug] Cookie : 
Jun 12 21:34:58 funciones-detectLang [debug] inicio detect
Jun 12 21:34:58 funciones-detectIp [debug] IP Encontrada | ip=127.0.0.1
Jun 12 21:34:58 funciones-ip_info [debug] datos de entrada | ip=127.0.0.1
Jun 12 21:34:58 funciones-ip_info [debug] Call api | url=http://www.geoplugin.net/json.gp?ip=127.0.0.1
Jun 12 21:34:58 funciones-ip_info [debug] Call api RESPONSE | data={
  "geoplugin_request":"127.0.0.1",
  "geoplugin_status":404,
  "geoplugin_credit":"Some of the returned data includes GeoLite data created by MaxMind, available from <a href=\\'http:\/\/www.maxmind.com\\'>http:\/\/www.maxmind.com<\/a>.",
  "geoplugin_city":"",
  "geoplugin_region":"",
  "geoplugin_areaCode":"",
  "geoplugin_dmaCode":"",
  "geoplugin_countryCode":"",
  "geoplugin_countryName":"",
  "geoplugin_continentCode":"",
  "geoplugin_latitude":"0",
  "geoplugin_longitude":"0",
  "geoplugin_regionCode":"",
  "geoplugin_regionName":null,
  "geoplugin_currencyCode":null,
  "geoplugin_currencySymbol":null,
  "geoplugin_currencySymbol_UTF8":"",
  "geoplugin_currencyConverter":0
}
Jun 12 21:34:58 funciones-detectIp [err] LOCATION NO RESUELTO POR INFO
Jun 12 21:35:01 executeDetectar [debug] Cookie : 
Jun 12 21:35:01 funciones-detectLang [debug] inicio detect
Jun 12 21:35:01 funciones-detectIp [debug] IP Encontrada | ip=127.0.0.1
Jun 12 21:35:01 funciones-ip_info [debug] datos de entrada | ip=127.0.0.1
Jun 12 21:35:01 funciones-ip_info [debug] Call api | url=http://www.geoplugin.net/json.gp?ip=127.0.0.1
Jun 12 21:35:01 funciones-ip_info [debug] Call api RESPONSE | data={
  "geoplugin_request":"127.0.0.1",
  "geoplugin_status":404,
  "geoplugin_credit":"Some of the returned data includes GeoLite data created by MaxMind, available from <a href=\\'http:\/\/www.maxmind.com\\'>http:\/\/www.maxmind.com<\/a>.",
  "geoplugin_city":"",
  "geoplugin_region":"",
  "geoplugin_areaCode":"",
  "geoplugin_dmaCode":"",
  "geoplugin_countryCode":"",
  "geoplugin_countryName":"",
  "geoplugin_continentCode":"",
  "geoplugin_latitude":"0",
  "geoplugin_longitude":"0",
  "geoplugin_regionCode":"",
  "geoplugin_regionName":null,
  "geoplugin_currencyCode":null,
  "geoplugin_currencySymbol":null,
  "geoplugin_currencySymbol_UTF8":"",
  "geoplugin_currencyConverter":0
}
Jun 12 21:35:01 funciones-detectIp [err] LOCATION NO RESUELTO POR INFO
Jun 12 21:35:23 executeDetectar [debug] Cookie : Array
(
    [lang] => gb
    [id] => 5f5c41ce34cae1c4503d800b291f8bd4
    [natural] => 1
)

Jun 12 21:35:25 executeDetectar [debug] Cookie : Array
(
    [lang] => gb
    [id] => 5f5c41ce34cae1c4503d800b291f8bd4
    [natural] => 1
)

Jun 12 21:35:48 executeDetectar [debug] Cookie : 
Jun 12 21:35:48 funciones-detectLang [debug] inicio detect
Jun 12 21:35:48 funciones-detectIp [debug] IP Encontrada | ip=127.0.0.1
Jun 12 21:35:48 funciones-ip_info [debug] datos de entrada | ip=127.0.0.1
Jun 12 21:35:48 funciones-ip_info [debug] Call api | url=http://www.geoplugin.net/json.gp?ip=127.0.0.1
Jun 12 21:35:49 funciones-ip_info [debug] Call api RESPONSE | data={
  "geoplugin_request":"127.0.0.1",
  "geoplugin_status":404,
  "geoplugin_credit":"Some of the returned data includes GeoLite data created by MaxMind, available from <a href=\\'http:\/\/www.maxmind.com\\'>http:\/\/www.maxmind.com<\/a>.",
  "geoplugin_city":"",
  "geoplugin_region":"",
  "geoplugin_areaCode":"",
  "geoplugin_dmaCode":"",
  "geoplugin_countryCode":"",
  "geoplugin_countryName":"",
  "geoplugin_continentCode":"",
  "geoplugin_latitude":"0",
  "geoplugin_longitude":"0",
  "geoplugin_regionCode":"",
  "geoplugin_regionName":null,
  "geoplugin_currencyCode":null,
  "geoplugin_currencySymbol":null,
  "geoplugin_currencySymbol_UTF8":"",
  "geoplugin_currencyConverter":0
}
Jun 12 21:35:49 funciones-detectIp [err] LOCATION NO RESUELTO POR INFO
Jun 12 21:35:51 executeDetectar [debug] Cookie : 
Jun 12 21:35:51 funciones-detectLang [debug] inicio detect
Jun 12 21:35:51 funciones-detectIp [debug] IP Encontrada | ip=127.0.0.1
Jun 12 21:35:51 funciones-ip_info [debug] datos de entrada | ip=127.0.0.1
Jun 12 21:35:51 funciones-ip_info [debug] Call api | url=http://www.geoplugin.net/json.gp?ip=127.0.0.1
Jun 12 21:35:52 funciones-ip_info [debug] Call api RESPONSE | data={
  "geoplugin_request":"127.0.0.1",
  "geoplugin_status":404,
  "geoplugin_credit":"Some of the returned data includes GeoLite data created by MaxMind, available from <a href=\\'http:\/\/www.maxmind.com\\'>http:\/\/www.maxmind.com<\/a>.",
  "geoplugin_city":"",
  "geoplugin_region":"",
  "geoplugin_areaCode":"",
  "geoplugin_dmaCode":"",
  "geoplugin_countryCode":"",
  "geoplugin_countryName":"",
  "geoplugin_continentCode":"",
  "geoplugin_latitude":"0",
  "geoplugin_longitude":"0",
  "geoplugin_regionCode":"",
  "geoplugin_regionName":null,
  "geoplugin_currencyCode":null,
  "geoplugin_currencySymbol":null,
  "geoplugin_currencySymbol_UTF8":"",
  "geoplugin_currencyConverter":0
}
Jun 12 21:35:52 funciones-detectIp [err] LOCATION NO RESUELTO POR INFO
Jun 12 21:35:54 executeDetectar [debug] Cookie : Array
(
    [lang] => gb
    [id] => 5f5c41ce34cae1c4503d800b291f8bd4
    [natural] => 1
)

Jun 12 21:36:24 executeDetectar [debug] Cookie : Array
(
    [lang] => gb
    [id] => 5f5c41ce34cae1c4503d800b291f8bd4
    [natural] => 1
)

Jun 12 21:36:36 executeDetectar [debug] Cookie : 
Jun 12 21:36:36 funciones-detectLang [debug] inicio detect
Jun 12 21:36:36 funciones-detectIp [debug] IP Encontrada | ip=127.0.0.1
Jun 12 21:36:36 funciones-ip_info [debug] datos de entrada | ip=127.0.0.1
Jun 12 21:36:36 funciones-ip_info [debug] Call api | url=http://www.geoplugin.net/json.gp?ip=127.0.0.1
Jun 12 21:36:37 funciones-ip_info [debug] Call api RESPONSE | data={
  "geoplugin_request":"127.0.0.1",
  "geoplugin_status":404,
  "geoplugin_credit":"Some of the returned data includes GeoLite data created by MaxMind, available from <a href=\\'http:\/\/www.maxmind.com\\'>http:\/\/www.maxmind.com<\/a>.",
  "geoplugin_city":"",
  "geoplugin_region":"",
  "geoplugin_areaCode":"",
  "geoplugin_dmaCode":"",
  "geoplugin_countryCode":"",
  "geoplugin_countryName":"",
  "geoplugin_continentCode":"",
  "geoplugin_latitude":"0",
  "geoplugin_longitude":"0",
  "geoplugin_regionCode":"",
  "geoplugin_regionName":null,
  "geoplugin_currencyCode":null,
  "geoplugin_currencySymbol":null,
  "geoplugin_currencySymbol_UTF8":"",
  "geoplugin_currencyConverter":0
}
Jun 12 21:36:37 funciones-detectIp [err] LOCATION NO RESUELTO POR INFO
Jun 12 21:36:43 executeDetectar [debug] Cookie : Array
(
    [lang] => gb
    [id] => 5f5c41ce34cae1c4503d800b291f8bd4
    [natural] => 1
)

Jun 12 21:38:47 executeDetectar [debug] Cookie : 
Jun 12 21:38:48 funciones-detectLang [debug] inicio detect
Jun 12 21:38:48 funciones-detectIp [debug] IP Encontrada | ip=127.0.0.1
Jun 12 21:38:48 funciones-ip_info [debug] datos de entrada | ip=127.0.0.1
Jun 12 21:38:48 funciones-ip_info [debug] Call api | url=http://www.geoplugin.net/json.gp?ip=127.0.0.1
Jun 12 21:38:48 funciones-ip_info [debug] Call api RESPONSE | data={
  "geoplugin_request":"127.0.0.1",
  "geoplugin_status":404,
  "geoplugin_credit":"Some of the returned data includes GeoLite data created by MaxMind, available from <a href=\\'http:\/\/www.maxmind.com\\'>http:\/\/www.maxmind.com<\/a>.",
  "geoplugin_city":"",
  "geoplugin_region":"",
  "geoplugin_areaCode":"",
  "geoplugin_dmaCode":"",
  "geoplugin_countryCode":"",
  "geoplugin_countryName":"",
  "geoplugin_continentCode":"",
  "geoplugin_latitude":"0",
  "geoplugin_longitude":"0",
  "geoplugin_regionCode":"",
  "geoplugin_regionName":null,
  "geoplugin_currencyCode":null,
  "geoplugin_currencySymbol":null,
  "geoplugin_currencySymbol_UTF8":"",
  "geoplugin_currencyConverter":0
}
Jun 12 21:38:48 funciones-detectIp [err] LOCATION NO RESUELTO POR INFO
Jun 12 21:38:52 executeDetectar [debug] Cookie : 
Jun 12 21:38:52 funciones-detectLang [debug] inicio detect
Jun 12 21:38:52 funciones-detectIp [debug] IP Encontrada | ip=127.0.0.1
Jun 12 21:38:52 funciones-ip_info [debug] datos de entrada | ip=127.0.0.1
Jun 12 21:38:52 funciones-ip_info [debug] Call api | url=http://www.geoplugin.net/json.gp?ip=127.0.0.1
Jun 12 21:38:52 funciones-ip_info [debug] Call api RESPONSE | data={
  "geoplugin_request":"127.0.0.1",
  "geoplugin_status":404,
  "geoplugin_credit":"Some of the returned data includes GeoLite data created by MaxMind, available from <a href=\\'http:\/\/www.maxmind.com\\'>http:\/\/www.maxmind.com<\/a>.",
  "geoplugin_city":"",
  "geoplugin_region":"",
  "geoplugin_areaCode":"",
  "geoplugin_dmaCode":"",
  "geoplugin_countryCode":"",
  "geoplugin_countryName":"",
  "geoplugin_continentCode":"",
  "geoplugin_latitude":"0",
  "geoplugin_longitude":"0",
  "geoplugin_regionCode":"",
  "geoplugin_regionName":null,
  "geoplugin_currencyCode":null,
  "geoplugin_currencySymbol":null,
  "geoplugin_currencySymbol_UTF8":"",
  "geoplugin_currencyConverter":0
}
Jun 12 21:38:52 funciones-detectIp [err] LOCATION NO RESUELTO POR INFO
Jun 12 21:38:54 executeDetectar [debug] Cookie : Array
(
    [lang] => gb
    [id] => 5f5c41ce34cae1c4503d800b291f8bd4
    [natural] => 1
)

Jun 12 21:38:58 executeDetectar [debug] Cookie : Array
(
    [lang] => gb
    [id] => 5f5c41ce34cae1c4503d800b291f8bd4
    [natural] => 1
)

Jun 12 21:39:21 executeDetectar [debug] Cookie : Array
(
    [lang] => gb
    [id] => 5f5c41ce34cae1c4503d800b291f8bd4
    [natural] => 1
)

Jun 12 21:39:22 executeDetectar [debug] Cookie : Array
(
    [lang] => ie
    [id] => ca5d0605b60bf30f6a41cecb4b873dc4
    [natural] => 1
)

Jun 12 21:39:25 executeDetectar [debug] Cookie : Array
(
    [lang] => se
    [id] => ea14eaf7e36e0a5a298c8e5e41f85cce
    [natural] => 1
)

Jun 12 21:39:27 executeDetectar [debug] Cookie : Array
(
    [lang] => fi
    [id] => c5e62d69879248ba52c5839ae8216ae7
    [natural] => 1
)

