Jun 15 21:22:55 executeDetectar [debug] Cookie : Array
(
    [lang] => gb
    [id] => 5f5c41ce34cae1c4503d800b291f8bd4
    [natural] => 1
)

Jun 15 21:23:32 executeDetectar [debug] Cookie : Array
(
    [lang] => gb
    [id] => 5f5c41ce34cae1c4503d800b291f8bd4
    [natural] => 1
)

Jun 15 21:31:57 executeDetectar [debug] Cookie : Array
(
    [lang] => gb
    [id] => 5f5c41ce34cae1c4503d800b291f8bd4
    [natural] => 1
)

Jun 15 21:35:02 executeDetectar [debug] Cookie : Array
(
    [lang] => gb
    [id] => 5f5c41ce34cae1c4503d800b291f8bd4
    [natural] => 1
)

Jun 15 21:35:59 executeDetectar [debug] Cookie : Array
(
    [lang] => gb
    [id] => 5f5c41ce34cae1c4503d800b291f8bd4
    [natural] => 1
)

